Estabelecidas as condicoes iniciais do veiculo
Consegui hostbyname de seguranca
Consegui hostbyname de midia/conforto
Socket de midia/conforto Criado
Conectado ao servidor de midia/conforto

Informacoes do socket de midia/conforto local:
IP: 127.0.0.1
Porta: 58670

Socket de Seguranca Criado
Conectado ao servidor de seguranca

Informacoes do socket de seguranca local:
IP: 127.0.0.1
Porta: 49455


Mensagem recebida do servidor de seguranca:
ignore
fechando conexao com servidor de seguranca

Mensagem recebida do servidor de midia/conforto:
1: C: vrum vrum costas relaxadas vrum vrum
Minha posicao = 1
Socket de Seguranca Criado
Conectado ao servidor de seguranca

Informacoes do socket de seguranca local:
IP: 127.0.0.1
Porta: 49455


Mensagem recebida do servidor de seguranca:
ignore
fechando conexao com servidor de seguranca

Mensagem recebida do servidor de midia/conforto:
2: C: vrum vrum costas relaxadas vrum vrum
Minha posicao = 2
Socket de Seguranca Criado
Conectado ao servidor de seguranca

Informacoes do socket de seguranca local:
IP: 127.0.0.1
Porta: 49455


Mensagem recebida do servidor de seguranca:
ignore
fechando conexao com servidor de seguranca

Mensagem recebida do servidor de midia/conforto:
3: M: ah oh ih uh eeeeeeeee
Minha posicao = 3
Socket de Seguranca Criado
Conectado ao servidor de seguranca

Informacoes do socket de seguranca local:
IP: 127.0.0.1
Porta: 49455


Mensagem recebida do servidor de seguranca:
ignore
fechando conexao com servidor de seguranca

Mensagem recebida do servidor de midia/conforto:
4: C: vrum vrum costas relaxadas vrum vrum
Minha posicao = 4
Socket de Seguranca Criado
Conectado ao servidor de seguranca

Informacoes do socket de seguranca local:
IP: 127.0.0.1
Porta: 49455


Mensagem recebida do servidor de seguranca:
ignore
fechando conexao com servidor de seguranca

Mensagem recebida do servidor de midia/conforto:
5: M: du bi du bi duuuuu
Minha posicao = 5
Socket de Seguranca Criado
Conectado ao servidor de seguranca

Informacoes do socket de seguranca local:
IP: 127.0.0.1
Porta: 49455


Mensagem recebida do servidor de seguranca:
ignore
fechando conexao com servidor de seguranca

Mensagem recebida do servidor de midia/conforto:
6: M: ah oh ih uh eeeeeeeee
Minha posicao = 6
Socket de Seguranca Criado
Conectado ao servidor de seguranca

Informacoes do socket de seguranca local:
IP: 127.0.0.1
Porta: 49455


Mensagem recebida do servidor de seguranca:
ignore
fechando conexao com servidor de seguranca

Mensagem recebida do servidor de midia/conforto:
7: M: ah oh ih uh eeeeeeeee
Minha posicao = 7
Socket de Seguranca Criado
Conectado ao servidor de seguranca

Informacoes do socket de seguranca local:
IP: 127.0.0.1
Porta: 49455


Mensagem recebida do servidor de seguranca:
ignore
fechando conexao com servidor de seguranca

Mensagem recebida do servidor de midia/conforto:
8: M: du bi du bi duuuuu
Minha posicao = 8
Socket de Seguranca Criado
Conectado ao servidor de seguranca

Informacoes do socket de seguranca local:
IP: 127.0.0.1
Porta: 49455


Mensagem recebida do servidor de seguranca:
ignore
fechando conexao com servidor de seguranca

Mensagem recebida do servidor de midia/conforto:
9: M: du bi du bi duuuuu
Minha posicao = 9
Socket de Seguranca Criado
Conectado ao servidor de seguranca

Informacoes do socket de seguranca local:
IP: 127.0.0.1
Porta: 49455


Mensagem recebida do servidor de seguranca:
freiae
fechando conexao com servidor de seguranca

Mensagem recebida do servidor de midia/conforto:
10: C: vrum vrum costas relaxadas vrum vrum
Minha posicao = 10
Socket de Seguranca Criado
Conectado ao servidor de seguranca

Informacoes do socket de seguranca local:
IP: 127.0.0.1
Porta: 49455


Mensagem recebida do servidor de seguranca:
ignore
fechando conexao com servidor de seguranca

Mensagem recebida do servidor de midia/conforto:
11: C: vrum vrum costas relaxadas vrum vrum
Minha posicao = 11
Socket de Seguranca Criado
Conectado ao servidor de seguranca

Informacoes do socket de seguranca local:
IP: 127.0.0.1
Porta: 49455


Mensagem recebida do servidor de seguranca:
ignore
fechando conexao com servidor de seguranca

Mensagem recebida do servidor de midia/conforto:
12: C: vrum vrum costas relaxadas vrum vrum
Minha posicao = 12
Socket de Seguranca Criado
Conectado ao servidor de seguranca

Informacoes do socket de seguranca local:
IP: 127.0.0.1
Porta: 49455


Mensagem recebida do servidor de seguranca:
ignore
fechando conexao com servidor de seguranca

Mensagem recebida do servidor de midia/conforto:
13: C: vrum vrum costas relaxadas vrum vrum
Minha posicao = 13
Socket de Seguranca Criado
Conectado ao servidor de seguranca

Informacoes do socket de seguranca local:
IP: 127.0.0.1
Porta: 49455


Mensagem recebida do servidor de seguranca:
ignore
fechando conexao com servidor de seguranca

Mensagem recebida do servidor de midia/conforto:
14: C: vrum vrum costas relaxadas vrum vrum
Minha posicao = 14
Socket de Seguranca Criado
Conectado ao servidor de seguranca

Informacoes do socket de seguranca local:
IP: 127.0.0.1
Porta: 49455


Mensagem recebida do servidor de seguranca:
ignore
fechando conexao com servidor de seguranca

Mensagem recebida do servidor de midia/conforto:
15: M: obladi oblada lalalaaaaaa
Minha posicao = 15
Socket de Seguranca Criado
Conectado ao servidor de seguranca

Informacoes do socket de seguranca local:
IP: 127.0.0.1
Porta: 49455


Mensagem recebida do servidor de seguranca:
ignore
fechando conexao com servidor de seguranca

Mensagem recebida do servidor de midia/conforto:
16: C: vrum vrum costas relaxadas vrum vrum
Minha posicao = 16
Socket de Seguranca Criado
Conectado ao servidor de seguranca

Informacoes do socket de seguranca local:
IP: 127.0.0.1
Porta: 49455


Mensagem recebida do servidor de seguranca:
ignore
fechando conexao com servidor de seguranca

Mensagem recebida do servidor de midia/conforto:
17: M: du bi du bi duuuuu
Minha posicao = 17
Socket de Seguranca Criado
Conectado ao servidor de seguranca

Informacoes do socket de seguranca local:
IP: 127.0.0.1
Porta: 49455


Mensagem recebida do servidor de seguranca:
ignore
fechando conexao com servidor de seguranca

Mensagem recebida do servidor de midia/conforto:
18: M: ah oh ih uh eeeeeeeee
Minha posicao = 18
Socket de Seguranca Criado
Conectado ao servidor de seguranca

Informacoes do socket de seguranca local:
IP: 127.0.0.1
Porta: 49455


Mensagem recebida do servidor de seguranca:
ignore
fechando conexao com servidor de seguranca

Mensagem recebida do servidor de midia/conforto:
19: C: vrum vrum costas relaxadas vrum vrum
Minha posicao = 19
Socket de Seguranca Criado
Conectado ao servidor de seguranca

Informacoes do socket de seguranca local:
IP: 127.0.0.1
Porta: 49455


Mensagem recebida do servidor de seguranca:
ignore
fechando conexao com servidor de seguranca

Mensagem recebida do servidor de midia/conforto:
20: M: obladi oblada lalalaaaaaa
Minha posicao = 20
Socket de Seguranca Criado
Conectado ao servidor de seguranca

Informacoes do socket de seguranca local:
IP: 127.0.0.1
Porta: 49455


Mensagem recebida do servidor de seguranca:
ignore
fechando conexao com servidor de seguranca

Mensagem recebida do servidor de midia/conforto:
21: C: vrum vrum costas relaxadas vrum vrum
Minha posicao = 21
Socket de Seguranca Criado
Conectado ao servidor de seguranca

Informacoes do socket de seguranca local:
IP: 127.0.0.1
Porta: 49455


Mensagem recebida do servidor de seguranca:
ignore
fechando conexao com servidor de seguranca

Mensagem recebida do servidor de midia/conforto:
22: C: vrum vrum costas relaxadas vrum vrum
Minha posicao = 22
fechou
